<?xml version="1.0" encoding="UTF-8"?>
<testsuite xmlns:xsi="http://www.w3.org/2001/XMLSchema-instance" xsi:noNamespaceSchemaLocation="https://maven.apache.org/surefire/maven-surefire-plugin/xsd/surefire-test-report.xsd" name="sn.pad.pe.pss.controllers.DossierCongeControllerTest" time="0.647" tests="6" errors="0" skipped="0" failures="0">
  <properties>
    <property name="sun.desktop" value="windows"/>
    <property name="awt.toolkit" value="sun.awt.windows.WToolkit"/>
    <property name="java.specification.version" value="11"/>
    <property name="sun.cpu.isalist" value="amd64"/>
    <property name="sun.jnu.encoding" value="Cp1252"/>
    <property name="java.class.path" value="C:\Users\aliounebada.ndoye\Junior\Env_Dev\Mes_Projets\Portail_Salarie\psalaries-backend\target\test-classes;C:\Users\aliounebada.ndoye\Junior\Env_Dev\Mes_Projets\Portail_Salarie\psalaries-backend\target\classes;C:\Users\aliounebada.ndoye\.m2\repository\org\springframework\boot\spring-boot-starter-data-jpa\2.1.16.RELEASE\spring-boot-starter-data-jpa-2.1.16.RELEASE.jar;C:\Users\aliounebada.ndoye\.m2\repository\org\springframework\boot\spring-boot-starter-aop\2.1.16.RELEASE\spring-boot-starter-aop-2.1.16.RELEASE.jar;C:\Users\aliounebada.ndoye\.m2\repository\org\aspectj\aspectjweaver\1.9.6\aspectjweaver-1.9.6.jar;C:\Users\aliounebada.ndoye\.m2\repository\org\springframework\boot\spring-boot-starter-jdbc\2.1.16.RELEASE\spring-boot-starter-jdbc-2.1.16.RELEASE.jar;C:\Users\aliounebada.ndoye\.m2\repository\com\zaxxer\HikariCP\3.2.0\HikariCP-3.2.0.jar;C:\Users\aliounebada.ndoye\.m2\repository\org\springframework\spring-jdbc\5.1.17.RELEASE\spring-jdbc-5.1.17.RELEASE.jar;C:\Users\aliounebada.ndoye\.m2\repository\javax\transaction\javax.transaction-api\1.3\javax.transaction-api-1.3.jar;C:\Users\aliounebada.ndoye\.m2\repository\javax\xml\bind\jaxb-api\2.3.1\jaxb-api-2.3.1.jar;C:\Users\aliounebada.ndoye\.m2\repository\javax\activation\javax.activation-api\1.2.0\javax.activation-api-1.2.0.jar;C:\Users\aliounebada.ndoye\.m2\repository\org\hibernate\hibernate-core\5.3.17.Final\hibernate-core-5.3.17.Final.jar;C:\Users\aliounebada.ndoye\.m2\repository\org\jboss\logging\jboss-logging\3.3.3.Final\jboss-logging-3.3.3.Final.jar;C:\Users\aliounebada.ndoye\.m2\repository\javax\persistence\javax.persistence-api\2.2\javax.persistence-api-2.2.jar;C:\Users\aliounebada.ndoye\.m2\repository\org\javassist\javassist\3.23.2-GA\javassist-3.23.2-GA.jar;C:\Users\aliounebada.ndoye\.m2\repository\antlr\antlr\2.7.7\antlr-2.7.7.jar;C:\Users\aliounebada.ndoye\.m2\repository\org\jboss\jandex\2.0.5.Final\jandex-2.0.5.Final.jar;C:\Users\aliounebada.ndoye\.m2\repository\org\dom4j\dom4j\2.1.3\dom4j-2.1.3.jar;C:\Users\aliounebada.ndoye\.m2\repository\org\hibernate\common\hibernate-commons-annotations\5.0.4.Final\hibernate-commons-annotations-5.0.4.Final.jar;C:\Users\aliounebada.ndoye\.m2\repository\org\glassfish\jaxb\jaxb-runtime\2.3.1\jaxb-runtime-2.3.1.jar;C:\Users\aliounebada.ndoye\.m2\repository\org\glassfish\jaxb\txw2\2.3.1\txw2-2.3.1.jar;C:\Users\aliounebada.ndoye\.m2\repository\com\sun\istack\istack-commons-runtime\3.0.7\istack-commons-runtime-3.0.7.jar;C:\Users\aliounebada.ndoye\.m2\repository\org\jvnet\staxex\stax-ex\1.8\stax-ex-1.8.jar;C:\Users\aliounebada.ndoye\.m2\repository\com\sun\xml\fastinfoset\FastInfoset\1.2.15\FastInfoset-1.2.15.jar;C:\Users\aliounebada.ndoye\.m2\repository\org\springframework\data\spring-data-jpa\2.1.19.RELEASE\spring-data-jpa-2.1.19.RELEASE.jar;C:\Users\aliounebada.ndoye\.m2\repository\org\springframework\data\spring-data-commons\2.1.19.RELEASE\spring-data-commons-2.1.19.RELEASE.jar;C:\Users\aliounebada.ndoye\.m2\repository\org\springframework\spring-orm\5.1.17.RELEASE\spring-orm-5.1.17.RELEASE.jar;C:\Users\aliounebada.ndoye\.m2\repository\org\springframework\spring-context\5.1.17.RELEASE\spring-context-5.1.17.RELEASE.jar;C:\Users\aliounebada.ndoye\.m2\repository\org\springframework\spring-tx\5.1.17.RELEASE\spring-tx-5.1.17.RELEASE.jar;C:\Users\aliounebada.ndoye\.m2\repository\org\springframework\spring-beans\5.1.17.RELEASE\spring-beans-5.1.17.RELEASE.jar;C:\Users\aliounebada.ndoye\.m2\repository\org\springframework\spring-aspects\5.1.17.RELEASE\spring-aspects-5.1.17.RELEASE.jar;C:\Users\aliounebada.ndoye\.m2\repository\org\springframework\boot\spring-boot-starter-web\2.1.16.RELEASE\spring-boot-starter-web-2.1.16.RELEASE.jar;C:\Users\aliounebada.ndoye\.m2\repository\org\springframework\boot\spring-boot-starter\2.1.16.RELEASE\spring-boot-starter-2.1.16.RELEASE.jar;C:\Users\aliounebada.ndoye\.m2\repository\org\springframework\boot\spring-boot-starter-logging\2.1.16.RELEASE\spring-boot-starter-logging-2.1.16.RELEASE.jar;C:\Users\aliounebada.ndoye\.m2\repository\org\apache\logging\log4j\log4j-to-slf4j\2.11.2\log4j-to-slf4j-2.11.2.jar;C:\Users\aliounebada.ndoye\.m2\repository\org\apache\logging\log4j\log4j-api\2.11.2\log4j-api-2.11.2.jar;C:\Users\aliounebada.ndoye\.m2\repository\org\slf4j\jul-to-slf4j\1.7.30\jul-to-slf4j-1.7.30.jar;C:\Users\aliounebada.ndoye\.m2\repository\org\yaml\snakeyaml\1.23\snakeyaml-1.23.jar;C:\Users\aliounebada.ndoye\.m2\repository\org\springframework\boot\spring-boot-starter-json\2.1.16.RELEASE\spring-boot-starter-json-2.1.16.RELEASE.jar;C:\Users\aliounebada.ndoye\.m2\repository\com\fasterxml\jackson\datatype\jackson-datatype-jdk8\2.9.10\jackson-datatype-jdk8-2.9.10.jar;C:\Users\aliounebada.ndoye\.m2\repository\com\fasterxml\jackson\module\jackson-module-parameter-names\2.9.10\jackson-module-parameter-names-2.9.10.jar;C:\Users\aliounebada.ndoye\.m2\repository\org\hibernate\validator\hibernate-validator\6.0.20.Final\hibernate-validator-6.0.20.Final.jar;C:\Users\aliounebada.ndoye\.m2\repository\javax\validation\validation-api\2.0.1.Final\validation-api-2.0.1.Final.jar;C:\Users\aliounebada.ndoye\.m2\repository\org\springframework\spring-web\5.1.17.RELEASE\spring-web-5.1.17.RELEASE.jar;C:\Users\aliounebada.ndoye\.m2\repository\org\springframework\spring-webmvc\5.1.17.RELEASE\spring-webmvc-5.1.17.RELEASE.jar;C:\Users\aliounebada.ndoye\.m2\repository\org\springframework\spring-expression\5.1.17.RELEASE\spring-expression-5.1.17.RELEASE.jar;C:\Users\aliounebada.ndoye\.m2\repository\org\springframework\boot\spring-boot-starter-tomcat\2.1.16.RELEASE\spring-boot-starter-tomcat-2.1.16.RELEASE.jar;C:\Users\aliounebada.ndoye\.m2\repository\javax\annotation\javax.annotation-api\1.3.2\javax.annotation-api-1.3.2.jar;C:\Users\aliounebada.ndoye\.m2\repository\org\apache\tomcat\embed\tomcat-embed-core\9.0.37\tomcat-embed-core-9.0.37.jar;C:\Users\aliounebada.ndoye\.m2\repository\org\apache\tomcat\embed\tomcat-embed-el\9.0.37\tomcat-embed-el-9.0.37.jar;C:\Users\aliounebada.ndoye\.m2\repository\org\apache\tomcat\embed\tomcat-embed-websocket\9.0.37\tomcat-embed-websocket-9.0.37.jar;C:\Users\aliounebada.ndoye\.m2\repository\com\auth0\java-jwt\3.4.1\java-jwt-3.4.1.jar;C:\Users\aliounebada.ndoye\.m2\repository\com\fasterxml\jackson\core\jackson-databind\2.9.10.5\jackson-databind-2.9.10.5.jar;C:\Users\aliounebada.ndoye\.m2\repository\commons-codec\commons-codec\1.11\commons-codec-1.11.jar;C:\Users\aliounebada.ndoye\.m2\repository\org\springframework\boot\spring-boot-starter-security\2.1.16.RELEASE\spring-boot-starter-security-2.1.16.RELEASE.jar;C:\Users\aliounebada.ndoye\.m2\repository\org\springframework\spring-aop\5.1.17.RELEASE\spring-aop-5.1.17.RELEASE.jar;C:\Users\aliounebada.ndoye\.m2\repository\org\springframework\security\spring-security-config\5.1.11.RELEASE\spring-security-config-5.1.11.RELEASE.jar;C:\Users\aliounebada.ndoye\.m2\repository\org\springframework\security\spring-security-web\5.1.11.RELEASE\spring-security-web-5.1.11.RELEASE.jar;C:\Users\aliounebada.ndoye\.m2\repository\org\springframework\security\spring-security-test\5.1.11.RELEASE\spring-security-test-5.1.11.RELEASE.jar;C:\Users\aliounebada.ndoye\.m2\repository\org\springframework\security\spring-security-core\5.1.11.RELEASE\spring-security-core-5.1.11.RELEASE.jar;C:\Users\aliounebada.ndoye\.m2\repository\org\springframework\spring-core\5.1.17.RELEASE\spring-core-5.1.17.RELEASE.jar;C:\Users\aliounebada.ndoye\.m2\repository\org\springframework\spring-jcl\5.1.17.RELEASE\spring-jcl-5.1.17.RELEASE.jar;C:\Users\aliounebada.ndoye\.m2\repository\org\springframework\spring-test\5.1.17.RELEASE\spring-test-5.1.17.RELEASE.jar;C:\Users\aliounebada.ndoye\.m2\repository\org\mockito\mockito-junit-jupiter\2.28.2\mockito-junit-jupiter-2.28.2.jar;C:\Users\aliounebada.ndoye\.m2\repository\mysql\mysql-connector-java\8.0.21\mysql-connector-java-8.0.21.jar;C:\Users\aliounebada.ndoye\.m2\repository\org\springframework\boot\spring-boot-starter-test\2.1.16.RELEASE\spring-boot-starter-test-2.1.16.RELEASE.jar;C:\Users\aliounebada.ndoye\.m2\repository\org\springframework\boot\spring-boot-test\2.1.16.RELEASE\spring-boot-test-2.1.16.RELEASE.jar;C:\Users\aliounebada.ndoye\.m2\repository\org\springframework\boot\spring-boot-test-autoconfigure\2.1.16.RELEASE\spring-boot-test-autoconfigure-2.1.16.RELEASE.jar;C:\Users\aliounebada.ndoye\.m2\repository\com\jayway\jsonpath\json-path\2.4.0\json-path-2.4.0.jar;C:\Users\aliounebada.ndoye\.m2\repository\net\minidev\json-smart\2.3\json-smart-2.3.jar;C:\Users\aliounebada.ndoye\.m2\repository\net\minidev\accessors-smart\1.2\accessors-smart-1.2.jar;C:\Users\aliounebada.ndoye\.m2\repository\org\ow2\asm\asm\5.0.4\asm-5.0.4.jar;C:\Users\aliounebada.ndoye\.m2\repository\org\assertj\assertj-core\3.11.1\assertj-core-3.11.1.jar;C:\Users\aliounebada.ndoye\.m2\repository\org\hamcrest\hamcrest-core\1.3\hamcrest-core-1.3.jar;C:\Users\aliounebada.ndoye\.m2\repository\org\hamcrest\hamcrest-library\1.3\hamcrest-library-1.3.jar;C:\Users\aliounebada.ndoye\.m2\repository\org\skyscreamer\jsonassert\1.5.0\jsonassert-1.5.0.jar;C:\Users\aliounebada.ndoye\.m2\repository\com\vaadin\external\google\android-json\0.0.20131108.vaadin1\android-json-0.0.20131108.vaadin1.jar;C:\Users\aliounebada.ndoye\.m2\repository\org\xmlunit\xmlunit-core\2.6.4\xmlunit-core-2.6.4.jar;C:\Users\aliounebada.ndoye\.m2\repository\org\modelmapper\modelmapper\2.3.7\modelmapper-2.3.7.jar;C:\Users\aliounebada.ndoye\.m2\repository\io\springfox\springfox-swagger2\2.9.2\springfox-swagger2-2.9.2.jar;C:\Users\aliounebada.ndoye\.m2\repository\io\swagger\swagger-annotations\1.5.20\swagger-annotations-1.5.20.jar;C:\Users\aliounebada.ndoye\.m2\repository\io\swagger\swagger-models\1.5.20\swagger-models-1.5.20.jar;C:\Users\aliounebada.ndoye\.m2\repository\io\springfox\springfox-spi\2.9.2\springfox-spi-2.9.2.jar;C:\Users\aliounebada.ndoye\.m2\repository\io\springfox\springfox-schema\2.9.2\springfox-schema-2.9.2.jar;C:\Users\aliounebada.ndoye\.m2\repository\io\springfox\springfox-swagger-common\2.9.2\springfox-swagger-common-2.9.2.jar;C:\Users\aliounebada.ndoye\.m2\repository\io\springfox\springfox-spring-web\2.9.2\springfox-spring-web-2.9.2.jar;C:\Users\aliounebada.ndoye\.m2\repository\com\fasterxml\classmate\1.4.0\classmate-1.4.0.jar;C:\Users\aliounebada.ndoye\.m2\repository\org\slf4j\slf4j-api\1.7.30\slf4j-api-1.7.30.jar;C:\Users\aliounebada.ndoye\.m2\repository\org\springframework\plugin\spring-plugin-core\1.2.0.RELEASE\spring-plugin-core-1.2.0.RELEASE.jar;C:\Users\aliounebada.ndoye\.m2\repository\org\springframework\plugin\spring-plugin-metadata\1.2.0.RELEASE\spring-plugin-metadata-1.2.0.RELEASE.jar;C:\Users\aliounebada.ndoye\.m2\repository\org\mapstruct\mapstruct\1.2.0.Final\mapstruct-1.2.0.Final.jar;C:\Users\aliounebada.ndoye\.m2\repository\io\springfox\springfox-core\2.9.2\springfox-core-2.9.2.jar;C:\Users\aliounebada.ndoye\.m2\repository\net\bytebuddy\byte-buddy\1.9.16\byte-buddy-1.9.16.jar;C:\Users\aliounebada.ndoye\.m2\repository\io\springfox\springfox-swagger-ui\2.9.2\springfox-swagger-ui-2.9.2.jar;C:\Users\aliounebada.ndoye\.m2\repository\com\fasterxml\jackson\datatype\jackson-datatype-jsr310\2.9.10\jackson-datatype-jsr310-2.9.10.jar;C:\Users\aliounebada.ndoye\.m2\repository\com\fasterxml\jackson\core\jackson-annotations\2.9.10\jackson-annotations-2.9.10.jar;C:\Users\aliounebada.ndoye\.m2\repository\com\fasterxml\jackson\core\jackson-core\2.9.10\jackson-core-2.9.10.jar;C:\Users\aliounebada.ndoye\.m2\repository\org\apache\commons\commons-lang3\3.5\commons-lang3-3.5.jar;C:\Users\aliounebada.ndoye\.m2\repository\org\mockito\mockito-core\3.6.28\mockito-core-3.6.28.jar;C:\Users\aliounebada.ndoye\.m2\repository\net\bytebuddy\byte-buddy-agent\1.9.16\byte-buddy-agent-1.9.16.jar;C:\Users\aliounebada.ndoye\.m2\repository\org\objenesis\objenesis\3.1\objenesis-3.1.jar;C:\Users\aliounebada.ndoye\.m2\repository\org\mockito\mockito-inline\3.6.28\mockito-inline-3.6.28.jar;C:\Users\aliounebada.ndoye\.m2\repository\org\hamcrest\hamcrest\2.2\hamcrest-2.2.jar;C:\Users\aliounebada.ndoye\.m2\repository\org\junit\jupiter\junit-jupiter-engine\5.3.2\junit-jupiter-engine-5.3.2.jar;C:\Users\aliounebada.ndoye\.m2\repository\org\apiguardian\apiguardian-api\1.0.0\apiguardian-api-1.0.0.jar;C:\Users\aliounebada.ndoye\.m2\repository\org\junit\platform\junit-platform-engine\1.3.2\junit-platform-engine-1.3.2.jar;C:\Users\aliounebada.ndoye\.m2\repository\org\junit\platform\junit-platform-runner\1.5.2\junit-platform-runner-1.5.2.jar;C:\Users\aliounebada.ndoye\.m2\repository\junit\junit\4.12\junit-4.12.jar;C:\Users\aliounebada.ndoye\.m2\repository\org\junit\platform\junit-platform-launcher\1.3.2\junit-platform-launcher-1.3.2.jar;C:\Users\aliounebada.ndoye\.m2\repository\org\junit\platform\junit-platform-suite-api\1.3.2\junit-platform-suite-api-1.3.2.jar;C:\Users\aliounebada.ndoye\.m2\repository\org\junit\jupiter\junit-jupiter-api\5.4.0\junit-jupiter-api-5.4.0.jar;C:\Users\aliounebada.ndoye\.m2\repository\org\opentest4j\opentest4j\1.1.1\opentest4j-1.1.1.jar;C:\Users\aliounebada.ndoye\.m2\repository\org\junit\platform\junit-platform-commons\1.3.2\junit-platform-commons-1.3.2.jar;C:\Users\aliounebada.ndoye\.m2\repository\com\jayway\jsonpath\json-path-assert\2.2.0\json-path-assert-2.2.0.jar;C:\Users\aliounebada.ndoye\.m2\repository\javax\mail\mail\1.5.0-b01\mail-1.5.0-b01.jar;C:\Users\aliounebada.ndoye\.m2\repository\javax\activation\activation\1.1\activation-1.1.jar;C:\Users\aliounebada.ndoye\.m2\repository\org\springframework\boot\spring-boot-starter-mail\2.1.16.RELEASE\spring-boot-starter-mail-2.1.16.RELEASE.jar;C:\Users\aliounebada.ndoye\.m2\repository\org\springframework\spring-context-support\5.1.17.RELEASE\spring-context-support-5.1.17.RELEASE.jar;C:\Users\aliounebada.ndoye\.m2\repository\com\sun\mail\javax.mail\1.6.2\javax.mail-1.6.2.jar;C:\Users\aliounebada.ndoye\.m2\repository\org\junit\vintage\junit-vintage-engine\5.7.0\junit-vintage-engine-5.7.0.jar;C:\Users\aliounebada.ndoye\.m2\repository\com\google\guava\guava\30.0-jre\guava-30.0-jre.jar;C:\Users\aliounebada.ndoye\.m2\repository\com\google\guava\failureaccess\1.0.1\failureaccess-1.0.1.jar;C:\Users\aliounebada.ndoye\.m2\repository\com\google\guava\listenablefuture\9999.0-empty-to-avoid-conflict-with-guava\listenablefuture-9999.0-empty-to-avoid-conflict-with-guava.jar;C:\Users\aliounebada.ndoye\.m2\repository\com\google\code\findbugs\jsr305\3.0.2\jsr305-3.0.2.jar;C:\Users\aliounebada.ndoye\.m2\repository\org\checkerframework\checker-qual\3.5.0\checker-qual-3.5.0.jar;C:\Users\aliounebada.ndoye\.m2\repository\com\google\errorprone\error_prone_annotations\2.3.4\error_prone_annotations-2.3.4.jar;C:\Users\aliounebada.ndoye\.m2\repository\com\google\j2objc\j2objc-annotations\1.3\j2objc-annotations-1.3.jar;C:\Users\aliounebada.ndoye\.m2\repository\org\sonarsource\sonarqube\sonar-plugin-api\7.8\sonar-plugin-api-7.8.jar;C:\Users\aliounebada.ndoye\.m2\repository\io\gatling\highcharts\gatling-charts-highcharts\3.3.1\gatling-charts-highcharts-3.3.1.jar;C:\Users\aliounebada.ndoye\.m2\repository\org\scala-lang\scala-library\2.12.10\scala-library-2.12.10.jar;C:\Users\aliounebada.ndoye\.m2\repository\io\gatling\gatling-charts\3.3.1\gatling-charts-3.3.1.jar;C:\Users\aliounebada.ndoye\.m2\repository\com\tdunning\t-digest\3.1\t-digest-3.1.jar;C:\Users\aliounebada.ndoye\.m2\repository\io\gatling\gatling-http-client\3.3.1\gatling-http-client-3.3.1.jar;C:\Users\aliounebada.ndoye\.m2\repository\io\gatling\gatling-netty-util\3.3.1\gatling-netty-util-3.3.1.jar;C:\Users\aliounebada.ndoye\.m2\repository\io\netty\netty-buffer\4.1.51.Final\netty-buffer-4.1.51.Final.jar;C:\Users\aliounebada.ndoye\.m2\repository\io\netty\netty-handler\4.1.51.Final\netty-handler-4.1.51.Final.jar;C:\Users\aliounebada.ndoye\.m2\repository\io\netty\netty-resolver\4.1.51.Final\netty-resolver-4.1.51.Final.jar;C:\Users\aliounebada.ndoye\.m2\repository\io\netty\netty-handler-proxy\4.1.51.Final\netty-handler-proxy-4.1.51.Final.jar;C:\Users\aliounebada.ndoye\.m2\repository\io\netty\netty-codec-socks\4.1.51.Final\netty-codec-socks-4.1.51.Final.jar;C:\Users\aliounebada.ndoye\.m2\repository\io\netty\netty-resolver-dns\4.1.51.Final\netty-resolver-dns-4.1.51.Final.jar;C:\Users\aliounebada.ndoye\.m2\repository\io\netty\netty-codec-dns\4.1.51.Final\netty-codec-dns-4.1.51.Final.jar;C:\Users\aliounebada.ndoye\.m2\repository\io\netty\netty-transport-native-epoll\4.1.51.Final\netty-transport-native-epoll-4.1.51.Final-linux-x86_64.jar;C:\Users\aliounebada.ndoye\.m2\repository\io\netty\netty-transport-native-unix-common\4.1.51.Final\netty-transport-native-unix-common-4.1.51.Final.jar;C:\Users\aliounebada.ndoye\.m2\repository\io\netty\netty-codec-http2\4.1.51.Final\netty-codec-http2-4.1.51.Final.jar;C:\Users\aliounebada.ndoye\.m2\repository\io\netty\netty-tcnative-boringssl-static\2.0.31.Final\netty-tcnative-boringssl-static-2.0.31.Final.jar;C:\Users\aliounebada.ndoye\.m2\repository\com\sun\activation\javax.activation\1.2.0\javax.activation-1.2.0.jar;C:\Users\aliounebada.ndoye\.m2\repository\com\typesafe\scala-logging\scala-logging_2.12\3.9.2\scala-logging_2.12-3.9.2.jar;C:\Users\aliounebada.ndoye\.m2\repository\ch\qos\logback\logback-classic\1.2.3\logback-classic-1.2.3.jar;C:\Users\aliounebada.ndoye\.m2\repository\ch\qos\logback\logback-core\1.2.3\logback-core-1.2.3.jar;C:\Users\aliounebada.ndoye\.m2\repository\io\gatling\gatling-commons\3.3.1\gatling-commons-3.3.1.jar;C:\Users\aliounebada.ndoye\.m2\repository\org\scala-lang\scala-reflect\2.12.10\scala-reflect-2.12.10.jar;C:\Users\aliounebada.ndoye\.m2\repository\com\typesafe\config\1.4.0\config-1.4.0.jar;C:\Users\aliounebada.ndoye\.m2\repository\io\suzaku\boopickle_2.12\1.3.1\boopickle_2.12-1.3.1.jar;C:\Users\aliounebada.ndoye\.m2\repository\org\typelevel\spire-macros_2.12\0.16.2\spire-macros_2.12-0.16.2.jar;C:\Users\aliounebada.ndoye\.m2\repository\com\softwaremill\quicklens\quicklens_2.12\1.4.12\quicklens_2.12-1.4.12.jar;C:\Users\aliounebada.ndoye\.m2\repository\org\scala-lang\modules\scala-java8-compat_2.12\0.9.0\scala-java8-compat_2.12-0.9.0.jar;C:\Users\aliounebada.ndoye\.m2\repository\com\eatthepath\fast-uuid\0.1\fast-uuid-0.1.jar;C:\Users\aliounebada.ndoye\.m2\repository\io\gatling\gatling-app\3.3.1\gatling-app-3.3.1.jar;C:\Users\aliounebada.ndoye\.m2\repository\io\gatling\gatling-core\3.3.1\gatling-core-3.3.1.jar;C:\Users\aliounebada.ndoye\.m2\repository\com\typesafe\akka\akka-slf4j_2.12\2.5.26\akka-slf4j_2.12-2.5.26.jar;C:\Users\aliounebada.ndoye\.m2\repository\org\simpleflatmapper\lightning-csv\8.0.3\lightning-csv-8.0.3.jar;C:\Users\aliounebada.ndoye\.m2\repository\org\simpleflatmapper\sfm-util\8.0.3\sfm-util-8.0.3.jar;C:\Users\aliounebada.ndoye\.m2\repository\com\github\ben-manes\caffeine\caffeine\2.6.2\caffeine-2.6.2.jar;C:\Users\aliounebada.ndoye\.m2\repository\io\pebbletemplates\pebble\3.1.0\pebble-3.1.0.jar;C:\Users\aliounebada.ndoye\.m2\repository\org\unbescape\unbescape\1.1.6.RELEASE\unbescape-1.1.6.RELEASE.jar;C:\Users\aliounebada.ndoye\.m2\repository\org\scala-lang\modules\scala-parser-combinators_2.12\1.1.2\scala-parser-combinators_2.12-1.1.2.jar;C:\Users\aliounebada.ndoye\.m2\repository\com\github\scopt\scopt_2.12\3.7.1\scopt_2.12-3.7.1.jar;C:\Users\aliounebada.ndoye\.m2\repository\io\gatling\jsonpath_2.12\0.7.0\jsonpath_2.12-0.7.0.jar;C:\Users\aliounebada.ndoye\.m2\repository\net\sf\saxon\Saxon-HE\9.9.1-5\Saxon-HE-9.9.1-5.jar;C:\Users\aliounebada.ndoye\.m2\repository\org\jodd\jodd-lagarto\5.0.13\jodd-lagarto-5.0.13.jar;C:\Users\aliounebada.ndoye\.m2\repository\org\jodd\jodd-core\5.0.13\jodd-core-5.0.13.jar;C:\Users\aliounebada.ndoye\.m2\repository\org\jodd\jodd-log\5.0.13\jodd-log-5.0.13.jar;C:\Users\aliounebada.ndoye\.m2\repository\io\burt\jmespath-jackson\0.4.0\jmespath-jackson-0.4.0.jar;C:\Users\aliounebada.ndoye\.m2\repository\io\burt\jmespath-core\0.4.0\jmespath-core-0.4.0.jar;C:\Users\aliounebada.ndoye\.m2\repository\io\gatling\gatling-http\3.3.1\gatling-http-3.3.1.jar;C:\Users\aliounebada.ndoye\.m2\repository\org\scala-lang\modules\scala-xml_2.12\1.2.0\scala-xml_2.12-1.2.0.jar;C:\Users\aliounebada.ndoye\.m2\repository\io\gatling\gatling-jms\3.3.1\gatling-jms-3.3.1.jar;C:\Users\aliounebada.ndoye\.m2\repository\javax\jms\javax.jms-api\2.0.1\javax.jms-api-2.0.1.jar;C:\Users\aliounebada.ndoye\.m2\repository\io\gatling\gatling-jdbc\3.3.1\gatling-jdbc-3.3.1.jar;C:\Users\aliounebada.ndoye\.m2\repository\io\gatling\gatling-redis\3.3.1\gatling-redis-3.3.1.jar;C:\Users\aliounebada.ndoye\.m2\repository\net\debasishg\redisclient_2.12\3.10\redisclient_2.12-3.10.jar;C:\Users\aliounebada.ndoye\.m2\repository\org\apache\commons\commons-pool2\2.6.2\commons-pool2-2.6.2.jar;C:\Users\aliounebada.ndoye\.m2\repository\io\gatling\gatling-graphite\3.3.1\gatling-graphite-3.3.1.jar;C:\Users\aliounebada.ndoye\.m2\repository\org\hdrhistogram\HdrHistogram\2.1.11\HdrHistogram-2.1.11.jar;C:\Users\aliounebada.ndoye\.m2\repository\io\gatling\gatling-recorder\3.3.1\gatling-recorder-3.3.1.jar;C:\Users\aliounebada.ndoye\.m2\repository\org\scala-lang\modules\scala-swing_2.12\2.1.1\scala-swing_2.12-2.1.1.jar;C:\Users\aliounebada.ndoye\.m2\repository\org\json4s\json4s-jackson_2.12\3.6.7\json4s-jackson_2.12-3.6.7.jar;C:\Users\aliounebada.ndoye\.m2\repository\org\json4s\json4s-core_2.12\3.6.7\json4s-core_2.12-3.6.7.jar;C:\Users\aliounebada.ndoye\.m2\repository\org\json4s\json4s-ast_2.12\3.6.7\json4s-ast_2.12-3.6.7.jar;C:\Users\aliounebada.ndoye\.m2\repository\org\json4s\json4s-scalap_2.12\3.6.7\json4s-scalap_2.12-3.6.7.jar;C:\Users\aliounebada.ndoye\.m2\repository\com\thoughtworks\paranamer\paranamer\2.8\paranamer-2.8.jar;C:\Users\aliounebada.ndoye\.m2\repository\org\bouncycastle\bcpkix-jdk15on\1.64\bcpkix-jdk15on-1.64.jar;C:\Users\aliounebada.ndoye\.m2\repository\org\bouncycastle\bcprov-jdk15on\1.64\bcprov-jdk15on-1.64.jar;C:\Users\aliounebada.ndoye\.m2\repository\io\netty\netty-codec-http\4.1.51.Final\netty-codec-http-4.1.51.Final.jar;C:\Users\aliounebada.ndoye\.m2\repository\io\netty\netty-common\4.1.51.Final\netty-common-4.1.51.Final.jar;C:\Users\aliounebada.ndoye\.m2\repository\io\netty\netty-transport\4.1.51.Final\netty-transport-4.1.51.Final.jar;C:\Users\aliounebada.ndoye\.m2\repository\io\netty\netty-codec\4.1.51.Final\netty-codec-4.1.51.Final.jar;C:\Users\aliounebada.ndoye\.m2\repository\com\typesafe\akka\akka-actor_2.12\2.5.26\akka-actor_2.12-2.5.26.jar;C:\Users\aliounebada.ndoye\.m2\repository\org\awaitility\awaitility\3.1.2\awaitility-3.1.2.jar;C:\Users\aliounebada.ndoye\.m2\repository\org\freemarker\freemarker\2.3.31\freemarker-2.3.31.jar;C:\Users\aliounebada.ndoye\.m2\repository\org\springframework\boot\spring-boot-devtools\2.1.16.RELEASE\spring-boot-devtools-2.1.16.RELEASE.jar;C:\Users\aliounebada.ndoye\.m2\repository\org\springframework\boot\spring-boot\2.1.16.RELEASE\spring-boot-2.1.16.RELEASE.jar;C:\Users\aliounebada.ndoye\.m2\repository\org\springframework\boot\spring-boot-autoconfigure\2.1.16.RELEASE\spring-boot-autoconfigure-2.1.16.RELEASE.jar;"/>
    <property name="java.vm.vendor" value="Oracle Corporation"/>
    <property name="sun.arch.data.model" value="64"/>
    <property name="user.variant" value=""/>
    <property name="java.vendor.url" value="https://openjdk.java.net/"/>
    <property name="user.timezone" value="GMT"/>
    <property name="java.vm.specification.version" value="11"/>
    <property name="os.name" value="Windows 10"/>
    <property name="sun.java.launcher" value="SUN_STANDARD"/>
    <property name="user.country" value="FR"/>
    <property name="sun.boot.library.path" value="C:\Program Files\Java\jdk-11.0.9\bin"/>
    <property name="sun.java.command" value="C:\Users\ALIOUN~1.NDO\AppData\Local\Temp\surefire9262553075022364609\surefirebooter10690811494196007337.jar C:\Users\aliounebada.ndoye\AppData\Local\Temp\surefire9262553075022364609 2023-05-08T11-00-43_398-jvmRun1 surefire3109067760320316543tmp surefire_0192252050093146227tmp"/>
    <property name="jdk.debug" value="release"/>
    <property name="surefire.test.class.path" value="C:\Users\aliounebada.ndoye\Junior\Env_Dev\Mes_Projets\Portail_Salarie\psalaries-backend\target\test-classes;C:\Users\aliounebada.ndoye\Junior\Env_Dev\Mes_Projets\Portail_Salarie\psalaries-backend\target\classes;C:\Users\aliounebada.ndoye\.m2\repository\org\springframework\boot\spring-boot-starter-data-jpa\2.1.16.RELEASE\spring-boot-starter-data-jpa-2.1.16.RELEASE.jar;C:\Users\aliounebada.ndoye\.m2\repository\org\springframework\boot\spring-boot-starter-aop\2.1.16.RELEASE\spring-boot-starter-aop-2.1.16.RELEASE.jar;C:\Users\aliounebada.ndoye\.m2\repository\org\aspectj\aspectjweaver\1.9.6\aspectjweaver-1.9.6.jar;C:\Users\aliounebada.ndoye\.m2\repository\org\springframework\boot\spring-boot-starter-jdbc\2.1.16.RELEASE\spring-boot-starter-jdbc-2.1.16.RELEASE.jar;C:\Users\aliounebada.ndoye\.m2\repository\com\zaxxer\HikariCP\3.2.0\HikariCP-3.2.0.jar;C:\Users\aliounebada.ndoye\.m2\repository\org\springframework\spring-jdbc\5.1.17.RELEASE\spring-jdbc-5.1.17.RELEASE.jar;C:\Users\aliounebada.ndoye\.m2\repository\javax\transaction\javax.transaction-api\1.3\javax.transaction-api-1.3.jar;C:\Users\aliounebada.ndoye\.m2\repository\javax\xml\bind\jaxb-api\2.3.1\jaxb-api-2.3.1.jar;C:\Users\aliounebada.ndoye\.m2\repository\javax\activation\javax.activation-api\1.2.0\javax.activation-api-1.2.0.jar;C:\Users\aliounebada.ndoye\.m2\repository\org\hibernate\hibernate-core\5.3.17.Final\hibernate-core-5.3.17.Final.jar;C:\Users\aliounebada.ndoye\.m2\repository\org\jboss\logging\jboss-logging\3.3.3.Final\jboss-logging-3.3.3.Final.jar;C:\Users\aliounebada.ndoye\.m2\repository\javax\persistence\javax.persistence-api\2.2\javax.persistence-api-2.2.jar;C:\Users\aliounebada.ndoye\.m2\repository\org\javassist\javassist\3.23.2-GA\javassist-3.23.2-GA.jar;C:\Users\aliounebada.ndoye\.m2\repository\antlr\antlr\2.7.7\antlr-2.7.7.jar;C:\Users\aliounebada.ndoye\.m2\repository\org\jboss\jandex\2.0.5.Final\jandex-2.0.5.Final.jar;C:\Users\aliounebada.ndoye\.m2\repository\org\dom4j\dom4j\2.1.3\dom4j-2.1.3.jar;C:\Users\aliounebada.ndoye\.m2\repository\org\hibernate\common\hibernate-commons-annotations\5.0.4.Final\hibernate-commons-annotations-5.0.4.Final.jar;C:\Users\aliounebada.ndoye\.m2\repository\org\glassfish\jaxb\jaxb-runtime\2.3.1\jaxb-runtime-2.3.1.jar;C:\Users\aliounebada.ndoye\.m2\repository\org\glassfish\jaxb\txw2\2.3.1\txw2-2.3.1.jar;C:\Users\aliounebada.ndoye\.m2\repository\com\sun\istack\istack-commons-runtime\3.0.7\istack-commons-runtime-3.0.7.jar;C:\Users\aliounebada.ndoye\.m2\repository\org\jvnet\staxex\stax-ex\1.8\stax-ex-1.8.jar;C:\Users\aliounebada.ndoye\.m2\repository\com\sun\xml\fastinfoset\FastInfoset\1.2.15\FastInfoset-1.2.15.jar;C:\Users\aliounebada.ndoye\.m2\repository\org\springframework\data\spring-data-jpa\2.1.19.RELEASE\spring-data-jpa-2.1.19.RELEASE.jar;C:\Users\aliounebada.ndoye\.m2\repository\org\springframework\data\spring-data-commons\2.1.19.RELEASE\spring-data-commons-2.1.19.RELEASE.jar;C:\Users\aliounebada.ndoye\.m2\repository\org\springframework\spring-orm\5.1.17.RELEASE\spring-orm-5.1.17.RELEASE.jar;C:\Users\aliounebada.ndoye\.m2\repository\org\springframework\spring-context\5.1.17.RELEASE\spring-context-5.1.17.RELEASE.jar;C:\Users\aliounebada.ndoye\.m2\repository\org\springframework\spring-tx\5.1.17.RELEASE\spring-tx-5.1.17.RELEASE.jar;C:\Users\aliounebada.ndoye\.m2\repository\org\springframework\spring-beans\5.1.17.RELEASE\spring-beans-5.1.17.RELEASE.jar;C:\Users\aliounebada.ndoye\.m2\repository\org\springframework\spring-aspects\5.1.17.RELEASE\spring-aspects-5.1.17.RELEASE.jar;C:\Users\aliounebada.ndoye\.m2\repository\org\springframework\boot\spring-boot-starter-web\2.1.16.RELEASE\spring-boot-starter-web-2.1.16.RELEASE.jar;C:\Users\aliounebada.ndoye\.m2\repository\org\springframework\boot\spring-boot-starter\2.1.16.RELEASE\spring-boot-starter-2.1.16.RELEASE.jar;C:\Users\aliounebada.ndoye\.m2\repository\org\springframework\boot\spring-boot-starter-logging\2.1.16.RELEASE\spring-boot-starter-logging-2.1.16.RELEASE.jar;C:\Users\aliounebada.ndoye\.m2\repository\org\apache\logging\log4j\log4j-to-slf4j\2.11.2\log4j-to-slf4j-2.11.2.jar;C:\Users\aliounebada.ndoye\.m2\repository\org\apache\logging\log4j\log4j-api\2.11.2\log4j-api-2.11.2.jar;C:\Users\aliounebada.ndoye\.m2\repository\org\slf4j\jul-to-slf4j\1.7.30\jul-to-slf4j-1.7.30.jar;C:\Users\aliounebada.ndoye\.m2\repository\org\yaml\snakeyaml\1.23\snakeyaml-1.23.jar;C:\Users\aliounebada.ndoye\.m2\repository\org\springframework\boot\spring-boot-starter-json\2.1.16.RELEASE\spring-boot-starter-json-2.1.16.RELEASE.jar;C:\Users\aliounebada.ndoye\.m2\repository\com\fasterxml\jackson\datatype\jackson-datatype-jdk8\2.9.10\jackson-datatype-jdk8-2.9.10.jar;C:\Users\aliounebada.ndoye\.m2\repository\com\fasterxml\jackson\module\jackson-module-parameter-names\2.9.10\jackson-module-parameter-names-2.9.10.jar;C:\Users\aliounebada.ndoye\.m2\repository\org\hibernate\validator\hibernate-validator\6.0.20.Final\hibernate-validator-6.0.20.Final.jar;C:\Users\aliounebada.ndoye\.m2\repository\javax\validation\validation-api\2.0.1.Final\validation-api-2.0.1.Final.jar;C:\Users\aliounebada.ndoye\.m2\repository\org\springframework\spring-web\5.1.17.RELEASE\spring-web-5.1.17.RELEASE.jar;C:\Users\aliounebada.ndoye\.m2\repository\org\springframework\spring-webmvc\5.1.17.RELEASE\spring-webmvc-5.1.17.RELEASE.jar;C:\Users\aliounebada.ndoye\.m2\repository\org\springframework\spring-expression\5.1.17.RELEASE\spring-expression-5.1.17.RELEASE.jar;C:\Users\aliounebada.ndoye\.m2\repository\org\springframework\boot\spring-boot-starter-tomcat\2.1.16.RELEASE\spring-boot-starter-tomcat-2.1.16.RELEASE.jar;C:\Users\aliounebada.ndoye\.m2\repository\javax\annotation\javax.annotation-api\1.3.2\javax.annotation-api-1.3.2.jar;C:\Users\aliounebada.ndoye\.m2\repository\org\apache\tomcat\embed\tomcat-embed-core\9.0.37\tomcat-embed-core-9.0.37.jar;C:\Users\aliounebada.ndoye\.m2\repository\org\apache\tomcat\embed\tomcat-embed-el\9.0.37\tomcat-embed-el-9.0.37.jar;C:\Users\aliounebada.ndoye\.m2\repository\org\apache\tomcat\embed\tomcat-embed-websocket\9.0.37\tomcat-embed-websocket-9.0.37.jar;C:\Users\aliounebada.ndoye\.m2\repository\com\auth0\java-jwt\3.4.1\java-jwt-3.4.1.jar;C:\Users\aliounebada.ndoye\.m2\repository\com\fasterxml\jackson\core\jackson-databind\2.9.10.5\jackson-databind-2.9.10.5.jar;C:\Users\aliounebada.ndoye\.m2\repository\commons-codec\commons-codec\1.11\commons-codec-1.11.jar;C:\Users\aliounebada.ndoye\.m2\repository\org\springframework\boot\spring-boot-starter-security\2.1.16.RELEASE\spring-boot-starter-security-2.1.16.RELEASE.jar;C:\Users\aliounebada.ndoye\.m2\repository\org\springframework\spring-aop\5.1.17.RELEASE\spring-aop-5.1.17.RELEASE.jar;C:\Users\aliounebada.ndoye\.m2\repository\org\springframework\security\spring-security-config\5.1.11.RELEASE\spring-security-config-5.1.11.RELEASE.jar;C:\Users\aliounebada.ndoye\.m2\repository\org\springframework\security\spring-security-web\5.1.11.RELEASE\spring-security-web-5.1.11.RELEASE.jar;C:\Users\aliounebada.ndoye\.m2\repository\org\springframework\security\spring-security-test\5.1.11.RELEASE\spring-security-test-5.1.11.RELEASE.jar;C:\Users\aliounebada.ndoye\.m2\repository\org\springframework\security\spring-security-core\5.1.11.RELEASE\spring-security-core-5.1.11.RELEASE.jar;C:\Users\aliounebada.ndoye\.m2\repository\org\springframework\spring-core\5.1.17.RELEASE\spring-core-5.1.17.RELEASE.jar;C:\Users\aliounebada.ndoye\.m2\repository\org\springframework\spring-jcl\5.1.17.RELEASE\spring-jcl-5.1.17.RELEASE.jar;C:\Users\aliounebada.ndoye\.m2\repository\org\springframework\spring-test\5.1.17.RELEASE\spring-test-5.1.17.RELEASE.jar;C:\Users\aliounebada.ndoye\.m2\repository\org\mockito\mockito-junit-jupiter\2.28.2\mockito-junit-jupiter-2.28.2.jar;C:\Users\aliounebada.ndoye\.m2\repository\mysql\mysql-connector-java\8.0.21\mysql-connector-java-8.0.21.jar;C:\Users\aliounebada.ndoye\.m2\repository\org\springframework\boot\spring-boot-starter-test\2.1.16.RELEASE\spring-boot-starter-test-2.1.16.RELEASE.jar;C:\Users\aliounebada.ndoye\.m2\repository\org\springframework\boot\spring-boot-test\2.1.16.RELEASE\spring-boot-test-2.1.16.RELEASE.jar;C:\Users\aliounebada.ndoye\.m2\repository\org\springframework\boot\spring-boot-test-autoconfigure\2.1.16.RELEASE\spring-boot-test-autoconfigure-2.1.16.RELEASE.jar;C:\Users\aliounebada.ndoye\.m2\repository\com\jayway\jsonpath\json-path\2.4.0\json-path-2.4.0.jar;C:\Users\aliounebada.ndoye\.m2\repository\net\minidev\json-smart\2.3\json-smart-2.3.jar;C:\Users\aliounebada.ndoye\.m2\repository\net\minidev\accessors-smart\1.2\accessors-smart-1.2.jar;C:\Users\aliounebada.ndoye\.m2\repository\org\ow2\asm\asm\5.0.4\asm-5.0.4.jar;C:\Users\aliounebada.ndoye\.m2\repository\org\assertj\assertj-core\3.11.1\assertj-core-3.11.1.jar;C:\Users\aliounebada.ndoye\.m2\repository\org\hamcrest\hamcrest-core\1.3\hamcrest-core-1.3.jar;C:\Users\aliounebada.ndoye\.m2\repository\org\hamcrest\hamcrest-library\1.3\hamcrest-library-1.3.jar;C:\Users\aliounebada.ndoye\.m2\repository\org\skyscreamer\jsonassert\1.5.0\jsonassert-1.5.0.jar;C:\Users\aliounebada.ndoye\.m2\repository\com\vaadin\external\google\android-json\0.0.20131108.vaadin1\android-json-0.0.20131108.vaadin1.jar;C:\Users\aliounebada.ndoye\.m2\repository\org\xmlunit\xmlunit-core\2.6.4\xmlunit-core-2.6.4.jar;C:\Users\aliounebada.ndoye\.m2\repository\org\modelmapper\modelmapper\2.3.7\modelmapper-2.3.7.jar;C:\Users\aliounebada.ndoye\.m2\repository\io\springfox\springfox-swagger2\2.9.2\springfox-swagger2-2.9.2.jar;C:\Users\aliounebada.ndoye\.m2\repository\io\swagger\swagger-annotations\1.5.20\swagger-annotations-1.5.20.jar;C:\Users\aliounebada.ndoye\.m2\repository\io\swagger\swagger-models\1.5.20\swagger-models-1.5.20.jar;C:\Users\aliounebada.ndoye\.m2\repository\io\springfox\springfox-spi\2.9.2\springfox-spi-2.9.2.jar;C:\Users\aliounebada.ndoye\.m2\repository\io\springfox\springfox-schema\2.9.2\springfox-schema-2.9.2.jar;C:\Users\aliounebada.ndoye\.m2\repository\io\springfox\springfox-swagger-common\2.9.2\springfox-swagger-common-2.9.2.jar;C:\Users\aliounebada.ndoye\.m2\repository\io\springfox\springfox-spring-web\2.9.2\springfox-spring-web-2.9.2.jar;C:\Users\aliounebada.ndoye\.m2\repository\com\fasterxml\classmate\1.4.0\classmate-1.4.0.jar;C:\Users\aliounebada.ndoye\.m2\repository\org\slf4j\slf4j-api\1.7.30\slf4j-api-1.7.30.jar;C:\Users\aliounebada.ndoye\.m2\repository\org\springframework\plugin\spring-plugin-core\1.2.0.RELEASE\spring-plugin-core-1.2.0.RELEASE.jar;C:\Users\aliounebada.ndoye\.m2\repository\org\springframework\plugin\spring-plugin-metadata\1.2.0.RELEASE\spring-plugin-metadata-1.2.0.RELEASE.jar;C:\Users\aliounebada.ndoye\.m2\repository\org\mapstruct\mapstruct\1.2.0.Final\mapstruct-1.2.0.Final.jar;C:\Users\aliounebada.ndoye\.m2\repository\io\springfox\springfox-core\2.9.2\springfox-core-2.9.2.jar;C:\Users\aliounebada.ndoye\.m2\repository\net\bytebuddy\byte-buddy\1.9.16\byte-buddy-1.9.16.jar;C:\Users\aliounebada.ndoye\.m2\repository\io\springfox\springfox-swagger-ui\2.9.2\springfox-swagger-ui-2.9.2.jar;C:\Users\aliounebada.ndoye\.m2\repository\com\fasterxml\jackson\datatype\jackson-datatype-jsr310\2.9.10\jackson-datatype-jsr310-2.9.10.jar;C:\Users\aliounebada.ndoye\.m2\repository\com\fasterxml\jackson\core\jackson-annotations\2.9.10\jackson-annotations-2.9.10.jar;C:\Users\aliounebada.ndoye\.m2\repository\com\fasterxml\jackson\core\jackson-core\2.9.10\jackson-core-2.9.10.jar;C:\Users\aliounebada.ndoye\.m2\repository\org\apache\commons\commons-lang3\3.5\commons-lang3-3.5.jar;C:\Users\aliounebada.ndoye\.m2\repository\org\mockito\mockito-core\3.6.28\mockito-core-3.6.28.jar;C:\Users\aliounebada.ndoye\.m2\repository\net\bytebuddy\byte-buddy-agent\1.9.16\byte-buddy-agent-1.9.16.jar;C:\Users\aliounebada.ndoye\.m2\repository\org\objenesis\objenesis\3.1\objenesis-3.1.jar;C:\Users\aliounebada.ndoye\.m2\repository\org\mockito\mockito-inline\3.6.28\mockito-inline-3.6.28.jar;C:\Users\aliounebada.ndoye\.m2\repository\org\hamcrest\hamcrest\2.2\hamcrest-2.2.jar;C:\Users\aliounebada.ndoye\.m2\repository\org\junit\jupiter\junit-jupiter-engine\5.3.2\junit-jupiter-engine-5.3.2.jar;C:\Users\aliounebada.ndoye\.m2\repository\org\apiguardian\apiguardian-api\1.0.0\apiguardian-api-1.0.0.jar;C:\Users\aliounebada.ndoye\.m2\repository\org\junit\platform\junit-platform-engine\1.3.2\junit-platform-engine-1.3.2.jar;C:\Users\aliounebada.ndoye\.m2\repository\org\junit\platform\junit-platform-runner\1.5.2\junit-platform-runner-1.5.2.jar;C:\Users\aliounebada.ndoye\.m2\repository\junit\junit\4.12\junit-4.12.jar;C:\Users\aliounebada.ndoye\.m2\repository\org\junit\platform\junit-platform-launcher\1.3.2\junit-platform-launcher-1.3.2.jar;C:\Users\aliounebada.ndoye\.m2\repository\org\junit\platform\junit-platform-suite-api\1.3.2\junit-platform-suite-api-1.3.2.jar;C:\Users\aliounebada.ndoye\.m2\repository\org\junit\jupiter\junit-jupiter-api\5.4.0\junit-jupiter-api-5.4.0.jar;C:\Users\aliounebada.ndoye\.m2\repository\org\opentest4j\opentest4j\1.1.1\opentest4j-1.1.1.jar;C:\Users\aliounebada.ndoye\.m2\repository\org\junit\platform\junit-platform-commons\1.3.2\junit-platform-commons-1.3.2.jar;C:\Users\aliounebada.ndoye\.m2\repository\com\jayway\jsonpath\json-path-assert\2.2.0\json-path-assert-2.2.0.jar;C:\Users\aliounebada.ndoye\.m2\repository\javax\mail\mail\1.5.0-b01\mail-1.5.0-b01.jar;C:\Users\aliounebada.ndoye\.m2\repository\javax\activation\activation\1.1\activation-1.1.jar;C:\Users\aliounebada.ndoye\.m2\repository\org\springframework\boot\spring-boot-starter-mail\2.1.16.RELEASE\spring-boot-starter-mail-2.1.16.RELEASE.jar;C:\Users\aliounebada.ndoye\.m2\repository\org\springframework\spring-context-support\5.1.17.RELEASE\spring-context-support-5.1.17.RELEASE.jar;C:\Users\aliounebada.ndoye\.m2\repository\com\sun\mail\javax.mail\1.6.2\javax.mail-1.6.2.jar;C:\Users\aliounebada.ndoye\.m2\repository\org\junit\vintage\junit-vintage-engine\5.7.0\junit-vintage-engine-5.7.0.jar;C:\Users\aliounebada.ndoye\.m2\repository\com\google\guava\guava\30.0-jre\guava-30.0-jre.jar;C:\Users\aliounebada.ndoye\.m2\repository\com\google\guava\failureaccess\1.0.1\failureaccess-1.0.1.jar;C:\Users\aliounebada.ndoye\.m2\repository\com\google\guava\listenablefuture\9999.0-empty-to-avoid-conflict-with-guava\listenablefuture-9999.0-empty-to-avoid-conflict-with-guava.jar;C:\Users\aliounebada.ndoye\.m2\repository\com\google\code\findbugs\jsr305\3.0.2\jsr305-3.0.2.jar;C:\Users\aliounebada.ndoye\.m2\repository\org\checkerframework\checker-qual\3.5.0\checker-qual-3.5.0.jar;C:\Users\aliounebada.ndoye\.m2\repository\com\google\errorprone\error_prone_annotations\2.3.4\error_prone_annotations-2.3.4.jar;C:\Users\aliounebada.ndoye\.m2\repository\com\google\j2objc\j2objc-annotations\1.3\j2objc-annotations-1.3.jar;C:\Users\aliounebada.ndoye\.m2\repository\org\sonarsource\sonarqube\sonar-plugin-api\7.8\sonar-plugin-api-7.8.jar;C:\Users\aliounebada.ndoye\.m2\repository\io\gatling\highcharts\gatling-charts-highcharts\3.3.1\gatling-charts-highcharts-3.3.1.jar;C:\Users\aliounebada.ndoye\.m2\repository\org\scala-lang\scala-library\2.12.10\scala-library-2.12.10.jar;C:\Users\aliounebada.ndoye\.m2\repository\io\gatling\gatling-charts\3.3.1\gatling-charts-3.3.1.jar;C:\Users\aliounebada.ndoye\.m2\repository\com\tdunning\t-digest\3.1\t-digest-3.1.jar;C:\Users\aliounebada.ndoye\.m2\repository\io\gatling\gatling-http-client\3.3.1\gatling-http-client-3.3.1.jar;C:\Users\aliounebada.ndoye\.m2\repository\io\gatling\gatling-netty-util\3.3.1\gatling-netty-util-3.3.1.jar;C:\Users\aliounebada.ndoye\.m2\repository\io\netty\netty-buffer\4.1.51.Final\netty-buffer-4.1.51.Final.jar;C:\Users\aliounebada.ndoye\.m2\repository\io\netty\netty-handler\4.1.51.Final\netty-handler-4.1.51.Final.jar;C:\Users\aliounebada.ndoye\.m2\repository\io\netty\netty-resolver\4.1.51.Final\netty-resolver-4.1.51.Final.jar;C:\Users\aliounebada.ndoye\.m2\repository\io\netty\netty-handler-proxy\4.1.51.Final\netty-handler-proxy-4.1.51.Final.jar;C:\Users\aliounebada.ndoye\.m2\repository\io\netty\netty-codec-socks\4.1.51.Final\netty-codec-socks-4.1.51.Final.jar;C:\Users\aliounebada.ndoye\.m2\repository\io\netty\netty-resolver-dns\4.1.51.Final\netty-resolver-dns-4.1.51.Final.jar;C:\Users\aliounebada.ndoye\.m2\repository\io\netty\netty-codec-dns\4.1.51.Final\netty-codec-dns-4.1.51.Final.jar;C:\Users\aliounebada.ndoye\.m2\repository\io\netty\netty-transport-native-epoll\4.1.51.Final\netty-transport-native-epoll-4.1.51.Final-linux-x86_64.jar;C:\Users\aliounebada.ndoye\.m2\repository\io\netty\netty-transport-native-unix-common\4.1.51.Final\netty-transport-native-unix-common-4.1.51.Final.jar;C:\Users\aliounebada.ndoye\.m2\repository\io\netty\netty-codec-http2\4.1.51.Final\netty-codec-http2-4.1.51.Final.jar;C:\Users\aliounebada.ndoye\.m2\repository\io\netty\netty-tcnative-boringssl-static\2.0.31.Final\netty-tcnative-boringssl-static-2.0.31.Final.jar;C:\Users\aliounebada.ndoye\.m2\repository\com\sun\activation\javax.activation\1.2.0\javax.activation-1.2.0.jar;C:\Users\aliounebada.ndoye\.m2\repository\com\typesafe\scala-logging\scala-logging_2.12\3.9.2\scala-logging_2.12-3.9.2.jar;C:\Users\aliounebada.ndoye\.m2\repository\ch\qos\logback\logback-classic\1.2.3\logback-classic-1.2.3.jar;C:\Users\aliounebada.ndoye\.m2\repository\ch\qos\logback\logback-core\1.2.3\logback-core-1.2.3.jar;C:\Users\aliounebada.ndoye\.m2\repository\io\gatling\gatling-commons\3.3.1\gatling-commons-3.3.1.jar;C:\Users\aliounebada.ndoye\.m2\repository\org\scala-lang\scala-reflect\2.12.10\scala-reflect-2.12.10.jar;C:\Users\aliounebada.ndoye\.m2\repository\com\typesafe\config\1.4.0\config-1.4.0.jar;C:\Users\aliounebada.ndoye\.m2\repository\io\suzaku\boopickle_2.12\1.3.1\boopickle_2.12-1.3.1.jar;C:\Users\aliounebada.ndoye\.m2\repository\org\typelevel\spire-macros_2.12\0.16.2\spire-macros_2.12-0.16.2.jar;C:\Users\aliounebada.ndoye\.m2\repository\com\softwaremill\quicklens\quicklens_2.12\1.4.12\quicklens_2.12-1.4.12.jar;C:\Users\aliounebada.ndoye\.m2\repository\org\scala-lang\modules\scala-java8-compat_2.12\0.9.0\scala-java8-compat_2.12-0.9.0.jar;C:\Users\aliounebada.ndoye\.m2\repository\com\eatthepath\fast-uuid\0.1\fast-uuid-0.1.jar;C:\Users\aliounebada.ndoye\.m2\repository\io\gatling\gatling-app\3.3.1\gatling-app-3.3.1.jar;C:\Users\aliounebada.ndoye\.m2\repository\io\gatling\gatling-core\3.3.1\gatling-core-3.3.1.jar;C:\Users\aliounebada.ndoye\.m2\repository\com\typesafe\akka\akka-slf4j_2.12\2.5.26\akka-slf4j_2.12-2.5.26.jar;C:\Users\aliounebada.ndoye\.m2\repository\org\simpleflatmapper\lightning-csv\8.0.3\lightning-csv-8.0.3.jar;C:\Users\aliounebada.ndoye\.m2\repository\org\simpleflatmapper\sfm-util\8.0.3\sfm-util-8.0.3.jar;C:\Users\aliounebada.ndoye\.m2\repository\com\github\ben-manes\caffeine\caffeine\2.6.2\caffeine-2.6.2.jar;C:\Users\aliounebada.ndoye\.m2\repository\io\pebbletemplates\pebble\3.1.0\pebble-3.1.0.jar;C:\Users\aliounebada.ndoye\.m2\repository\org\unbescape\unbescape\1.1.6.RELEASE\unbescape-1.1.6.RELEASE.jar;C:\Users\aliounebada.ndoye\.m2\repository\org\scala-lang\modules\scala-parser-combinators_2.12\1.1.2\scala-parser-combinators_2.12-1.1.2.jar;C:\Users\aliounebada.ndoye\.m2\repository\com\github\scopt\scopt_2.12\3.7.1\scopt_2.12-3.7.1.jar;C:\Users\aliounebada.ndoye\.m2\repository\io\gatling\jsonpath_2.12\0.7.0\jsonpath_2.12-0.7.0.jar;C:\Users\aliounebada.ndoye\.m2\repository\net\sf\saxon\Saxon-HE\9.9.1-5\Saxon-HE-9.9.1-5.jar;C:\Users\aliounebada.ndoye\.m2\repository\org\jodd\jodd-lagarto\5.0.13\jodd-lagarto-5.0.13.jar;C:\Users\aliounebada.ndoye\.m2\repository\org\jodd\jodd-core\5.0.13\jodd-core-5.0.13.jar;C:\Users\aliounebada.ndoye\.m2\repository\org\jodd\jodd-log\5.0.13\jodd-log-5.0.13.jar;C:\Users\aliounebada.ndoye\.m2\repository\io\burt\jmespath-jackson\0.4.0\jmespath-jackson-0.4.0.jar;C:\Users\aliounebada.ndoye\.m2\repository\io\burt\jmespath-core\0.4.0\jmespath-core-0.4.0.jar;C:\Users\aliounebada.ndoye\.m2\repository\io\gatling\gatling-http\3.3.1\gatling-http-3.3.1.jar;C:\Users\aliounebada.ndoye\.m2\repository\org\scala-lang\modules\scala-xml_2.12\1.2.0\scala-xml_2.12-1.2.0.jar;C:\Users\aliounebada.ndoye\.m2\repository\io\gatling\gatling-jms\3.3.1\gatling-jms-3.3.1.jar;C:\Users\aliounebada.ndoye\.m2\repository\javax\jms\javax.jms-api\2.0.1\javax.jms-api-2.0.1.jar;C:\Users\aliounebada.ndoye\.m2\repository\io\gatling\gatling-jdbc\3.3.1\gatling-jdbc-3.3.1.jar;C:\Users\aliounebada.ndoye\.m2\repository\io\gatling\gatling-redis\3.3.1\gatling-redis-3.3.1.jar;C:\Users\aliounebada.ndoye\.m2\repository\net\debasishg\redisclient_2.12\3.10\redisclient_2.12-3.10.jar;C:\Users\aliounebada.ndoye\.m2\repository\org\apache\commons\commons-pool2\2.6.2\commons-pool2-2.6.2.jar;C:\Users\aliounebada.ndoye\.m2\repository\io\gatling\gatling-graphite\3.3.1\gatling-graphite-3.3.1.jar;C:\Users\aliounebada.ndoye\.m2\repository\org\hdrhistogram\HdrHistogram\2.1.11\HdrHistogram-2.1.11.jar;C:\Users\aliounebada.ndoye\.m2\repository\io\gatling\gatling-recorder\3.3.1\gatling-recorder-3.3.1.jar;C:\Users\aliounebada.ndoye\.m2\repository\org\scala-lang\modules\scala-swing_2.12\2.1.1\scala-swing_2.12-2.1.1.jar;C:\Users\aliounebada.ndoye\.m2\repository\org\json4s\json4s-jackson_2.12\3.6.7\json4s-jackson_2.12-3.6.7.jar;C:\Users\aliounebada.ndoye\.m2\repository\org\json4s\json4s-core_2.12\3.6.7\json4s-core_2.12-3.6.7.jar;C:\Users\aliounebada.ndoye\.m2\repository\org\json4s\json4s-ast_2.12\3.6.7\json4s-ast_2.12-3.6.7.jar;C:\Users\aliounebada.ndoye\.m2\repository\org\json4s\json4s-scalap_2.12\3.6.7\json4s-scalap_2.12-3.6.7.jar;C:\Users\aliounebada.ndoye\.m2\repository\com\thoughtworks\paranamer\paranamer\2.8\paranamer-2.8.jar;C:\Users\aliounebada.ndoye\.m2\repository\org\bouncycastle\bcpkix-jdk15on\1.64\bcpkix-jdk15on-1.64.jar;C:\Users\aliounebada.ndoye\.m2\repository\org\bouncycastle\bcprov-jdk15on\1.64\bcprov-jdk15on-1.64.jar;C:\Users\aliounebada.ndoye\.m2\repository\io\netty\netty-codec-http\4.1.51.Final\netty-codec-http-4.1.51.Final.jar;C:\Users\aliounebada.ndoye\.m2\repository\io\netty\netty-common\4.1.51.Final\netty-common-4.1.51.Final.jar;C:\Users\aliounebada.ndoye\.m2\repository\io\netty\netty-transport\4.1.51.Final\netty-transport-4.1.51.Final.jar;C:\Users\aliounebada.ndoye\.m2\repository\io\netty\netty-codec\4.1.51.Final\netty-codec-4.1.51.Final.jar;C:\Users\aliounebada.ndoye\.m2\repository\com\typesafe\akka\akka-actor_2.12\2.5.26\akka-actor_2.12-2.5.26.jar;C:\Users\aliounebada.ndoye\.m2\repository\org\awaitility\awaitility\3.1.2\awaitility-3.1.2.jar;C:\Users\aliounebada.ndoye\.m2\repository\org\freemarker\freemarker\2.3.31\freemarker-2.3.31.jar;C:\Users\aliounebada.ndoye\.m2\repository\org\springframework\boot\spring-boot-devtools\2.1.16.RELEASE\spring-boot-devtools-2.1.16.RELEASE.jar;C:\Users\aliounebada.ndoye\.m2\repository\org\springframework\boot\spring-boot\2.1.16.RELEASE\spring-boot-2.1.16.RELEASE.jar;C:\Users\aliounebada.ndoye\.m2\repository\org\springframework\boot\spring-boot-autoconfigure\2.1.16.RELEASE\spring-boot-autoconfigure-2.1.16.RELEASE.jar;"/>
    <property name="sun.cpu.endian" value="little"/>
    <property name="user.home" value="C:\Users\aliounebada.ndoye"/>
    <property name="user.language" value="fr"/>
    <property name="java.specification.vendor" value="Oracle Corporation"/>
    <property name="java.version.date" value="2020-10-20"/>
    <property name="java.home" value="C:\Program Files\Java\jdk-11.0.9"/>
    <property name="file.separator" value="\"/>
    <property name="basedir" value="C:\Users\aliounebada.ndoye\Junior\Env_Dev\Mes_Projets\Portail_Salarie\psalaries-backend"/>
    <property name="java.vm.compressedOopsMode" value="Zero based"/>
    <property name="line.separator" value="&#10;"/>
    <property name="java.specification.name" value="Java Platform API Specification"/>
    <property name="java.vm.specification.vendor" value="Oracle Corporation"/>
    <property name="java.awt.graphicsenv" value="sun.awt.Win32GraphicsEnvironment"/>
    <property name="surefire.real.class.path" value="C:\Users\ALIOUN~1.NDO\AppData\Local\Temp\surefire9262553075022364609\surefirebooter10690811494196007337.jar"/>
    <property name="user.script" value=""/>
    <property name="sun.management.compiler" value="HotSpot 64-Bit Tiered Compilers"/>
    <property name="java.runtime.version" value="11.0.9+7-LTS"/>
    <property name="user.name" value="aliounebada.ndoye"/>
    <property name="path.separator" value=";"/>
    <property name="os.version" value="10.0"/>
    <property name="java.runtime.name" value="Java(TM) SE Runtime Environment"/>
    <property name="file.encoding" value="Cp1252"/>
    <property name="java.vm.name" value="Java HotSpot(TM) 64-Bit Server VM"/>
    <property name="java.vendor.version" value="18.9"/>
    <property name="localRepository" value="C:\Users\aliounebada.ndoye\.m2\repository"/>
    <property name="java.vendor.url.bug" value="https://bugreport.java.com/bugreport/"/>
    <property name="java.io.tmpdir" value="C:\Users\ALIOUN~1.NDO\AppData\Local\Temp\"/>
    <property name="java.version" value="11.0.9"/>
    <property name="user.dir" value="C:\Users\aliounebada.ndoye\Junior\Env_Dev\Mes_Projets\Portail_Salarie\psalaries-backend"/>
    <property name="os.arch" value="amd64"/>
    <property name="java.vm.specification.name" value="Java Virtual Machine Specification"/>
    <property name="java.awt.printerjob" value="sun.awt.windows.WPrinterJob"/>
    <property name="sun.os.patch.level" value=""/>
    <property name="java.library.path" value="C:\Program Files\Java\jdk-11.0.9\bin;C:\windows\Sun\Java\bin;C:\windows\system32;C:\windows;C:\Python311\Scripts\;C:\Python311\;C:\Python27\;C:\Python27\Scripts;C:\Program Files\Common Files\Oracle\Java\javapath;C:\windows\system32;C:\windows;C:\windows\System32\Wbem;C:\windows\System32\WindowsPowerShell\v1.0\;C:\windows\System32\OpenSSH\;C:\ProgramData\chocolatey\bin;C:\Program Files\nodejs\;C:\Users\aliounebada.ndoye\AppData\Local\Microsoft\WindowsApps;C:\Users\aliounebada.ndoye\AppData\Local\Programs\Microsoft VS Code\bin;C:\Users\aliounebada.ndoye\AppData\Local\Programs\Git\cmd;C:\Program Files\Java\jdk-11.0.9\bin;C:\Users\aliounebada.ndoye\Junior\workspace\apache-maven-3.6.1-bin\apache-maven-3.6.1\bin;C:\Users\aliounebada.ndoye\AppData\Roaming\npm;C:\Users\aliounebada.ndoye\Documents\work_dir\ELK\logstash-8.6.2\bin;C:\Users\aliounebada.ndoye\Documents\work_dir\ELK\kibana-8.6.2\bin;C:\Users\aliounebada.ndoye\Documents\work_dir\ELK\elasticsearch-8.6.2\bin;C:\Users\aliounebada.ndoye\Documents\work_dir\ELK\logstash-8.6.2\jdk\bin;C:\Users\aliounebada.ndoye\Downloads\curl-win64-latest\curl-8.0.1_1-win64-mingw\bin;C:\Users\aliounebada.ndoye\bin;;."/>
    <property name="java.vendor" value="Oracle Corporation"/>
    <property name="java.vm.info" value="mixed mode"/>
    <property name="java.vm.version" value="11.0.9+7-LTS"/>
    <property name="sun.io.unicode.encoding" value="UnicodeLittle"/>
    <property name="java.class.version" value="55.0"/>
  </properties>
  <testcase name="testGetAgentById_1" classname="sn.pad.pe.pss.controllers.DossierCongeControllerTest" time="0.163"/>
  <testcase name="testCreate" classname="sn.pad.pe.pss.controllers.DossierCongeControllerTest" time="0.093"/>
  <testcase name="testGetDossierCongeByAnnee" classname="sn.pad.pe.pss.controllers.DossierCongeControllerTest" time="0.104"/>
  <testcase name="testDelete" classname="sn.pad.pe.pss.controllers.DossierCongeControllerTest" time="0.095"/>
  <testcase name="testUpdate" classname="sn.pad.pe.pss.controllers.DossierCongeControllerTest" time="0.093"/>
  <testcase name="testGetDossierConges" classname="sn.pad.pe.pss.controllers.DossierCongeControllerTest" time="0.094"/>
</testsuite>